10:40:02.246 [main] INFO  testCases.TC002_LoginTest - ****Starting TC001_AccountRegistrationTest **** 
10:41:38.027 [main] INFO  org.testng.internal.Utils - [TestNG] Running:
  C:\Users\vijay\eclipse-workspace\OpenCartV121\grouping.xml

10:41:42.128 [main] INFO  testCases.TC001_AccountRegistrationTest - ****Starting TC001_AccountRegistrationTest **** 
10:41:42.342 [main] INFO  testCases.TC001_AccountRegistrationTest - ****Clicked on MyAccount Link **** 
10:41:43.070 [main] INFO  testCases.TC001_AccountRegistrationTest - ****Clicked on Register Link **** 
10:41:43.074 [main] INFO  testCases.TC001_AccountRegistrationTest - Providing customer details...
10:41:47.346 [main] INFO  testCases.TC001_AccountRegistrationTest - Validating expected message 
10:41:57.393 [main] ERROR testCases.TC001_AccountRegistrationTest - Test failed....
10:41:57.400 [main] INFO  testCases.TC001_AccountRegistrationTest - **** Finished TC001_AccountRegistrationTest ****
10:42:01.310 [main] INFO  testCases.TC002_LoginTest - ****Starting TC001_AccountRegistrationTest **** 
10:45:29.246 [main] INFO  org.testng.internal.Utils - [TestNG] Running:
  C:\Users\vijay\eclipse-workspace\OpenCartV121\grouping.xml

10:45:32.724 [main] INFO  testCases.TC001_AccountRegistrationTest - ****Starting TC001_AccountRegistrationTest **** 
10:45:33.131 [main] INFO  testCases.TC001_AccountRegistrationTest - ****Clicked on MyAccount Link **** 
10:45:33.761 [main] INFO  testCases.TC001_AccountRegistrationTest - ****Clicked on Register Link **** 
10:45:33.764 [main] INFO  testCases.TC001_AccountRegistrationTest - Providing customer details...
10:45:38.765 [main] INFO  testCases.TC001_AccountRegistrationTest - Validating expected message 
10:45:38.811 [main] INFO  testCases.TC001_AccountRegistrationTest - **** Finished TC001_AccountRegistrationTest ****
10:45:42.183 [main] INFO  testCases.TC002_LoginTest - ****Starting TC001_AccountRegistrationTest **** 
10:47:21.448 [main] INFO  org.testng.internal.Utils - [TestNG] Running:
  C:\Users\vijay\eclipse-workspace\OpenCartV121\grouping.xml

10:47:25.294 [main] INFO  testCases.TC001_AccountRegistrationTest - ****Starting TC001_AccountRegistrationTest **** 
10:47:25.517 [main] INFO  testCases.TC001_AccountRegistrationTest - ****Clicked on MyAccount Link **** 
10:47:26.761 [main] INFO  testCases.TC001_AccountRegistrationTest - ****Clicked on Register Link **** 
10:47:26.763 [main] INFO  testCases.TC001_AccountRegistrationTest - Providing customer details...
10:47:30.411 [main] INFO  testCases.TC001_AccountRegistrationTest - Validating expected message 
10:47:40.448 [main] ERROR testCases.TC001_AccountRegistrationTest - Test failed....
10:47:40.454 [main] INFO  testCases.TC001_AccountRegistrationTest - **** Finished TC001_AccountRegistrationTest ****
10:47:44.616 [main] INFO  testCases.TC002_LoginTest - ****Starting TC001_AccountRegistrationTest **** 
10:49:47.457 [main] INFO  org.testng.internal.Utils - [TestNG] Running:
  C:\Users\vijay\eclipse-workspace\OpenCartV121\grouping.xml

10:49:50.917 [main] INFO  testCases.TC001_AccountRegistrationTest - ****Starting TC001_AccountRegistrationTest **** 
10:49:51.278 [main] INFO  testCases.TC001_AccountRegistrationTest - ****Clicked on MyAccount Link **** 
10:49:51.980 [main] INFO  testCases.TC001_AccountRegistrationTest - ****Clicked on Register Link **** 
10:49:51.984 [main] INFO  testCases.TC001_AccountRegistrationTest - Providing customer details...
10:49:55.612 [main] INFO  testCases.TC001_AccountRegistrationTest - Validating expected message 
10:50:05.665 [main] INFO  testCases.TC001_AccountRegistrationTest - **** Finished TC001_AccountRegistrationTest ****
10:50:09.750 [main] INFO  testCases.TC002_LoginTest - ****Starting TC001_AccountRegistrationTest **** 
10:51:46.361 [main] INFO  org.testng.internal.Utils - [TestNG] Running:
  C:\Users\vijay\eclipse-workspace\OpenCartV121\grouping.xml

10:51:49.923 [main] INFO  testCases.TC001_AccountRegistrationTest - ****Starting TC001_AccountRegistrationTest **** 
10:51:50.321 [main] INFO  testCases.TC001_AccountRegistrationTest - ****Clicked on MyAccount Link **** 
10:51:51.110 [main] INFO  testCases.TC001_AccountRegistrationTest - ****Clicked on Register Link **** 
10:51:51.117 [main] INFO  testCases.TC001_AccountRegistrationTest - Providing customer details...
10:51:54.660 [main] INFO  testCases.TC001_AccountRegistrationTest - Validating expected message 
10:52:04.709 [main] INFO  testCases.TC001_AccountRegistrationTest - **** Finished TC001_AccountRegistrationTest ****
10:52:08.947 [main] INFO  testCases.TC002_LoginTest - ****Starting TC001_AccountRegistrationTest **** 
10:53:30.343 [main] INFO  org.testng.internal.Utils - [TestNG] Running:
  C:\Users\vijay\eclipse-workspace\OpenCartV121\grouping.xml

10:53:34.107 [main] INFO  testCases.TC001_AccountRegistrationTest - ****Starting TC001_AccountRegistrationTest **** 
10:53:34.355 [main] INFO  testCases.TC001_AccountRegistrationTest - ****Clicked on MyAccount Link **** 
